

Microchip MPLAB XC8 Assembler V2.31 build 20201012212115 
                                                                                               Wed Apr 28 18:30:04 2021

Microchip MPLAB XC8 C Compiler v2.31 (Free license) build 20201012212115 Og1 
     1                           	processor	16F887
     2                           	pagewidth 120
     3                           	opt	flic
     4                           	psect	cinit,global,class=CODE,merge=1,delta=2
     5                           	psect	cstackCOMMON,global,class=COMMON,space=1,delta=1,noexec
     6                           	psect	maintext,global,class=CODE,split=1,delta=2
     7                           	psect	text1,local,class=CODE,merge=1,delta=2
     8                           	psect	text2,local,class=CODE,merge=1,delta=2
     9                           	psect	intentry,global,class=CODE,delta=2
    10                           	psect	config,global,abs,ovrld,class=CONFIG,space=4,delta=2,noexec
    11                           	dabs	1,0x7E,2
    12  0000                     
    13                           ; Version 2.20
    14                           ; Generated 12/02/2020 GMT
    15                           ; 
    16                           ; Copyright © 2020, Microchip Technology Inc. and its subsidiaries ("Microchip")
    17                           ; All rights reserved.
    18                           ; 
    19                           ; This software is developed by Microchip Technology Inc. and its subsidiaries ("Microch
      +                          ip").
    20                           ; 
    21                           ; Redistribution and use in source and binary forms, with or without modification, are
    22                           ; permitted provided that the following conditions are met:
    23                           ; 
    24                           ;     1. Redistributions of source code must retain the above copyright notice, this lis
      +                          t of
    25                           ;        conditions and the following disclaimer.
    26                           ; 
    27                           ;     2. Redistributions in binary form must reproduce the above copyright notice, this 
      +                          list
    28                           ;        of conditions and the following disclaimer in the documentation and/or other
    29                           ;        materials provided with the distribution.
    30                           ; 
    31                           ;     3. Microchip's name may not be used to endorse or promote products derived from th
      +                          is
    32                           ;        software without specific prior written permission.
    33                           ; 
    34                           ; THIS SOFTWARE IS PROVIDED BY MICROCHIP "AS IS" AND ANY EXPRESS OR IMPLIED WARRANTIES,
    35                           ; INCLUDING, BUT NOT LIMITED TO, THE IMPLIED WARRANTIES OF MERCHANTABILITY AND FITNESS F
      +                          OR
    36                           ; PURPOSE ARE DISCLAIMED.  IN NO EVENT SHALL MICROCHIP BE LIABLE FOR ANY DIRECT, INDIREC
      +                          T,
    37                           ; INCIDENTAL, SPECIAL, EXEMPLARY, OR CONSEQUENTIAL DAMAGES (INCLUDING BUT NOT LIMITED TO
    38                           ; PROCUREMENT OF SUBSTITUTE GOODS OR SERVICES; LOSS OF USE, DATA OR PROFITS; OR BUSINESS
    39                           ; INTERRUPTION) HOWSOEVER CAUSED AND ON ANY THEORY OF LIABILITY, WHETHER IN CONTRACT, ST
      +                          RICT
    40                           ; LIABILITY, OR TORT (INCLUDING NEGLIGENCE OR OTHERWISE) ARISING IN ANY WAY OUT OF THE U
      +                          SE OF
    41                           ; THIS SOFTWARE, EVEN IF ADVISED OF THE POSSIBILITY OF SUCH DAMAGE.
    42                           ; 
    43                           ; 
    44                           ; Code-generator required, PIC16F887 Definitions
    45                           ; 
    46                           ; SFR Addresses
    47  0000                     	;# 
    48  0001                     	;# 
    49  0002                     	;# 
    50  0003                     	;# 
    51  0004                     	;# 
    52  0005                     	;# 
    53  0006                     	;# 
    54  0007                     	;# 
    55  0008                     	;# 
    56  0009                     	;# 
    57  000A                     	;# 
    58  000B                     	;# 
    59  000C                     	;# 
    60  000D                     	;# 
    61  000E                     	;# 
    62  000E                     	;# 
    63  000F                     	;# 
    64  0010                     	;# 
    65  0011                     	;# 
    66  0012                     	;# 
    67  0013                     	;# 
    68  0014                     	;# 
    69  0015                     	;# 
    70  0015                     	;# 
    71  0016                     	;# 
    72  0017                     	;# 
    73  0018                     	;# 
    74  0019                     	;# 
    75  001A                     	;# 
    76  001B                     	;# 
    77  001B                     	;# 
    78  001C                     	;# 
    79  001D                     	;# 
    80  001E                     	;# 
    81  001F                     	;# 
    82  0081                     	;# 
    83  0085                     	;# 
    84  0086                     	;# 
    85  0087                     	;# 
    86  0088                     	;# 
    87  0089                     	;# 
    88  008C                     	;# 
    89  008D                     	;# 
    90  008E                     	;# 
    91  008F                     	;# 
    92  0090                     	;# 
    93  0091                     	;# 
    94  0092                     	;# 
    95  0093                     	;# 
    96  0093                     	;# 
    97  0093                     	;# 
    98  0094                     	;# 
    99  0095                     	;# 
   100  0096                     	;# 
   101  0097                     	;# 
   102  0098                     	;# 
   103  0099                     	;# 
   104  009A                     	;# 
   105  009B                     	;# 
   106  009C                     	;# 
   107  009D                     	;# 
   108  009E                     	;# 
   109  009F                     	;# 
   110  0105                     	;# 
   111  0107                     	;# 
   112  0108                     	;# 
   113  0109                     	;# 
   114  010C                     	;# 
   115  010C                     	;# 
   116  010D                     	;# 
   117  010E                     	;# 
   118  010F                     	;# 
   119  0185                     	;# 
   120  0187                     	;# 
   121  0188                     	;# 
   122  0189                     	;# 
   123  018C                     	;# 
   124  018D                     	;# 
   125  0000                     	;# 
   126  0001                     	;# 
   127  0002                     	;# 
   128  0003                     	;# 
   129  0004                     	;# 
   130  0005                     	;# 
   131  0006                     	;# 
   132  0007                     	;# 
   133  0008                     	;# 
   134  0009                     	;# 
   135  000A                     	;# 
   136  000B                     	;# 
   137  000C                     	;# 
   138  000D                     	;# 
   139  000E                     	;# 
   140  000E                     	;# 
   141  000F                     	;# 
   142  0010                     	;# 
   143  0011                     	;# 
   144  0012                     	;# 
   145  0013                     	;# 
   146  0014                     	;# 
   147  0015                     	;# 
   148  0015                     	;# 
   149  0016                     	;# 
   150  0017                     	;# 
   151  0018                     	;# 
   152  0019                     	;# 
   153  001A                     	;# 
   154  001B                     	;# 
   155  001B                     	;# 
   156  001C                     	;# 
   157  001D                     	;# 
   158  001E                     	;# 
   159  001F                     	;# 
   160  0081                     	;# 
   161  0085                     	;# 
   162  0086                     	;# 
   163  0087                     	;# 
   164  0088                     	;# 
   165  0089                     	;# 
   166  008C                     	;# 
   167  008D                     	;# 
   168  008E                     	;# 
   169  008F                     	;# 
   170  0090                     	;# 
   171  0091                     	;# 
   172  0092                     	;# 
   173  0093                     	;# 
   174  0093                     	;# 
   175  0093                     	;# 
   176  0094                     	;# 
   177  0095                     	;# 
   178  0096                     	;# 
   179  0097                     	;# 
   180  0098                     	;# 
   181  0099                     	;# 
   182  009A                     	;# 
   183  009B                     	;# 
   184  009C                     	;# 
   185  009D                     	;# 
   186  009E                     	;# 
   187  009F                     	;# 
   188  0105                     	;# 
   189  0107                     	;# 
   190  0108                     	;# 
   191  0109                     	;# 
   192  010C                     	;# 
   193  010C                     	;# 
   194  010D                     	;# 
   195  010E                     	;# 
   196  010F                     	;# 
   197  0185                     	;# 
   198  0187                     	;# 
   199  0188                     	;# 
   200  0189                     	;# 
   201  018C                     	;# 
   202  018D                     	;# 
   203  000B                     _INTCONbits	set	11
   204  0012                     _T2CONbits	set	18
   205  0007                     _PORTC	set	7
   206  0005                     _PORTA	set	5
   207  0017                     _CCP1CONbits	set	23
   208  0015                     _CCPR1L	set	21
   209  001D                     _CCP2CONbits	set	29
   210  001E                     _ADRESH	set	30
   211  001B                     _CCPR2L	set	27
   212  001F                     _ADCON0bits	set	31
   213  000C                     _PIR1bits	set	12
   214  008C                     _PIE1bits	set	140
   215  0092                     _PR2	set	146
   216  0087                     _TRISCbits	set	135
   217  009F                     _ADCON1bits	set	159
   218  008F                     _OSCCONbits	set	143
   219  0085                     _TRISA	set	133
   220  009E                     _ADRESL	set	158
   221  0189                     _ANSELH	set	393
   222  0188                     _ANSEL	set	392
   223                           
   224                           	psect	cinit
   225  000F                     start_initialization:	
   226                           ; #config settings
   227                           
   228  000F                     __initialization:
   229  000F                     end_of_initialization:	
   230                           ;End of C runtime variable initialization code
   231                           
   232  000F                     __end_of__initialization:
   233  000F  0183               	clrf	3
   234  0010  120A  118A  28CA   	ljmp	_main	;jump to C main() function
   235                           
   236                           	psect	cstackCOMMON
   237  0070                     __pcstackCOMMON:
   238  0070                     ?_setup:
   239  0070                     ?_isr:	
   240                           ; 1 bytes @ 0x0
   241                           
   242  0070                     ??_isr:	
   243                           ; 1 bytes @ 0x0
   244                           
   245  0070                     ?_main:	
   246                           ; 1 bytes @ 0x0
   247                           
   248                           
   249                           ; 1 bytes @ 0x0
   250  0070                     	ds	4
   251  0074                     ??_setup:
   252  0074                     ??_main:	
   253                           ; 1 bytes @ 0x4
   254                           
   255                           
   256                           	psect	maintext
   257  00CA                     __pmaintext:	
   258                           ; 1 bytes @ 0x4
   259 ;;
   260 ;;Main: autosize = 0, tempsize = 0, incstack = 0, save=0
   261 ;;
   262 ;; *************** function _main *****************
   263 ;; Defined at:
   264 ;;		line 76 in file "lab9.c"
   265 ;; Parameters:    Size  Location     Type
   266 ;;		None
   267 ;; Auto vars:     Size  Location     Type
   268 ;;		None
   269 ;; Return value:  Size  Location     Type
   270 ;;                  1    wreg      void 
   271 ;; Registers used:
   272 ;;		wreg, status,2, status,0, pclath, cstack
   273 ;; Tracked objects:
   274 ;;		On entry : B00/0
   275 ;;		On exit  : 0/0
   276 ;;		Unchanged: 0/0
   277 ;; Data sizes:     COMMON   BANK0   BANK1   BANK3   BANK2
   278 ;;      Params:         0       0       0       0       0
   279 ;;      Locals:         0       0       0       0       0
   280 ;;      Temps:          0       0       0       0       0
   281 ;;      Totals:         0       0       0       0       0
   282 ;;Total ram usage:        0 bytes
   283 ;; Hardware stack levels required when called:    2
   284 ;; This function calls:
   285 ;;		_setup
   286 ;; This function is called by:
   287 ;;		Startup code after reset
   288 ;; This function uses a non-reentrant model
   289 ;;
   290                           
   291                           
   292                           ;psect for function _main
   293  00CA                     _main:
   294  00CA                     l726:	
   295                           ;incstack = 0
   296                           ; Regs used in _main: [wreg+status,2+status,0+pclath+cstack]
   297                           
   298                           
   299                           ;lab9.c: 78:     setup();
   300  00CA  120A  118A  207F  120A  118A  	fcall	_setup
   301  00CF                     l728:
   302                           
   303                           ;lab9.c: 81:     {;lab9.c: 82:             ADCON0bits.GO = 1;
   304  00CF  1283               	bcf	3,5	;RP0=0, select bank0
   305  00D0  1303               	bcf	3,6	;RP1=0, select bank0
   306  00D1  149F               	bsf	31,1	;volatile
   307  00D2  28CF               	goto	l728
   308  00D3  120A  118A  280C   	ljmp	start
   309  00D6                     __end_of_main:
   310                           
   311                           	psect	text1
   312  007F                     __ptext1:	
   313 ;; *************** function _setup *****************
   314 ;; Defined at:
   315 ;;		line 88 in file "lab9.c"
   316 ;; Parameters:    Size  Location     Type
   317 ;;		None
   318 ;; Auto vars:     Size  Location     Type
   319 ;;		None
   320 ;; Return value:  Size  Location     Type
   321 ;;                  1    wreg      void 
   322 ;; Registers used:
   323 ;;		wreg, status,2, status,0
   324 ;; Tracked objects:
   325 ;;		On entry : 0/0
   326 ;;		On exit  : 0/0
   327 ;;		Unchanged: 0/0
   328 ;; Data sizes:     COMMON   BANK0   BANK1   BANK3   BANK2
   329 ;;      Params:         0       0       0       0       0
   330 ;;      Locals:         0       0       0       0       0
   331 ;;      Temps:          0       0       0       0       0
   332 ;;      Totals:         0       0       0       0       0
   333 ;;Total ram usage:        0 bytes
   334 ;; Hardware stack levels used:    1
   335 ;; Hardware stack levels required when called:    1
   336 ;; This function calls:
   337 ;;		Nothing
   338 ;; This function is called by:
   339 ;;		_main
   340 ;; This function uses a non-reentrant model
   341 ;;
   342                           
   343                           
   344                           ;psect for function _setup
   345  007F                     _setup:
   346  007F                     l658:	
   347                           ;incstack = 0
   348                           ; Regs used in _setup: [wreg+status,2+status,0]
   349                           
   350                           
   351                           ;lab9.c: 90:     ANSEL = 0b00000011;
   352  007F  3003               	movlw	3
   353  0080  1683               	bsf	3,5	;RP0=1, select bank3
   354  0081  1703               	bsf	3,6	;RP1=1, select bank3
   355  0082  0088               	movwf	8	;volatile
   356  0083                     l660:
   357                           
   358                           ;lab9.c: 91:     ANSELH = 0X00;
   359  0083  0189               	clrf	9	;volatile
   360  0084                     l662:
   361                           
   362                           ;lab9.c: 93:     TRISA = 0xff;
   363  0084  30FF               	movlw	255
   364  0085  1683               	bsf	3,5	;RP0=1, select bank1
   365  0086  1303               	bcf	3,6	;RP1=0, select bank1
   366  0087  0085               	movwf	5	;volatile
   367                           
   368                           ;lab9.c: 95:     PORTA = 0X00;
   369  0088  1283               	bcf	3,5	;RP0=0, select bank0
   370  0089  1303               	bcf	3,6	;RP1=0, select bank0
   371  008A  0185               	clrf	5	;volatile
   372                           
   373                           ;lab9.c: 96:     PORTC = 0X00;
   374  008B  0187               	clrf	7	;volatile
   375  008C                     l664:
   376                           
   377                           ;lab9.c: 99:     OSCCONbits.IRCF2 = 1;
   378  008C  1683               	bsf	3,5	;RP0=1, select bank1
   379  008D  1303               	bcf	3,6	;RP1=0, select bank1
   380  008E  170F               	bsf	15,6	;volatile
   381  008F                     l666:
   382                           
   383                           ;lab9.c: 100:     OSCCONbits.IRCF1 = 1;
   384  008F  168F               	bsf	15,5	;volatile
   385  0090                     l668:
   386                           
   387                           ;lab9.c: 101:     OSCCONbits.IRCF0 = 1;
   388  0090  160F               	bsf	15,4	;volatile
   389  0091                     l670:
   390                           
   391                           ;lab9.c: 102:     OSCCONbits.SCS = 1;
   392  0091  140F               	bsf	15,0	;volatile
   393  0092                     l672:
   394                           
   395                           ;lab9.c: 106:     ADCON0bits.CHS = 0;
   396  0092  30C3               	movlw	-61
   397  0093  1283               	bcf	3,5	;RP0=0, select bank0
   398  0094  1303               	bcf	3,6	;RP1=0, select bank0
   399  0095  059F               	andwf	31,f	;volatile
   400  0096                     l674:
   401                           
   402                           ;lab9.c: 108:     ADCON0bits.ADCS1 = 1;
   403  0096  179F               	bsf	31,7	;volatile
   404  0097                     l676:
   405                           
   406                           ;lab9.c: 109:     ADCON0bits.ADCS0 = 0;
   407  0097  131F               	bcf	31,6	;volatile
   408  0098                     l678:
   409                           
   410                           ;lab9.c: 111:     ADCON0bits.ADON = 1;
   411  0098  141F               	bsf	31,0	;volatile
   412  0099                     l680:
   413                           
   414                           ;lab9.c: 113:     ADCON1bits.ADFM = 0;
   415  0099  1683               	bsf	3,5	;RP0=1, select bank1
   416  009A  1303               	bcf	3,6	;RP1=0, select bank1
   417  009B  139F               	bcf	31,7	;volatile
   418  009C                     l682:
   419                           
   420                           ;lab9.c: 114:     ADCON1bits.VCFG0 = 0;
   421  009C  121F               	bcf	31,4	;volatile
   422  009D                     l684:
   423                           
   424                           ;lab9.c: 115:     ADCON1bits.VCFG1 = 0;
   425  009D  129F               	bcf	31,5	;volatile
   426  009E                     l686:
   427                           
   428                           ;lab9.c: 118:     TRISCbits.TRISC2 = 1;
   429  009E  1507               	bsf	7,2	;volatile
   430  009F                     l688:
   431                           
   432                           ;lab9.c: 119:     TRISCbits.TRISC1 = 1;
   433  009F  1487               	bsf	7,1	;volatile
   434  00A0                     l690:
   435                           
   436                           ;lab9.c: 120:     PR2 = 250;
   437  00A0  30FA               	movlw	250
   438  00A1  0092               	movwf	18	;volatile
   439  00A2                     l692:
   440                           
   441                           ;lab9.c: 121:     CCP1CONbits.P1M = 0;
   442  00A2  303F               	movlw	-193
   443  00A3  1283               	bcf	3,5	;RP0=0, select bank0
   444  00A4  1303               	bcf	3,6	;RP1=0, select bank0
   445  00A5  0597               	andwf	23,f	;volatile
   446  00A6                     l694:
   447                           
   448                           ;lab9.c: 122:     CCP1CONbits.CCP1M = 0b00001100;
   449  00A6  0817               	movf	23,w	;volatile
   450  00A7  39F0               	andlw	-16
   451  00A8  380C               	iorlw	12
   452  00A9  0097               	movwf	23	;volatile
   453  00AA                     l696:
   454                           
   455                           ;lab9.c: 123:     CCP2CONbits.DC2B0 = 0;
   456  00AA  121D               	bcf	29,4	;volatile
   457  00AB                     l698:
   458                           
   459                           ;lab9.c: 124:     CCP2CONbits.DC2B1 = 0;
   460  00AB  129D               	bcf	29,5	;volatile
   461  00AC                     l700:
   462                           
   463                           ;lab9.c: 125:     CCP2CONbits.CCP2M = 0b1111;
   464  00AC  300F               	movlw	15
   465  00AD  049D               	iorwf	29,f	;volatile
   466  00AE                     l702:
   467                           
   468                           ;lab9.c: 127:     CCPR1L = 0x0f;
   469  00AE  300F               	movlw	15
   470  00AF  0095               	movwf	21	;volatile
   471  00B0                     l704:
   472                           
   473                           ;lab9.c: 128:     CCP1CONbits.DC1B = 0;
   474  00B0  30CF               	movlw	-49
   475  00B1  0597               	andwf	23,f	;volatile
   476  00B2                     l706:
   477                           
   478                           ;lab9.c: 129:     CCPR2L = 0x0f;
   479  00B2  300F               	movlw	15
   480  00B3  009B               	movwf	27	;volatile
   481  00B4                     l708:
   482                           
   483                           ;lab9.c: 131:     PIR1bits.TMR2IF = 0;
   484  00B4  108C               	bcf	12,1	;volatile
   485  00B5                     l710:
   486                           
   487                           ;lab9.c: 132:     T2CONbits.T2CKPS = 0b11;
   488  00B5  3003               	movlw	3
   489  00B6  0492               	iorwf	18,f	;volatile
   490  00B7                     l712:
   491                           
   492                           ;lab9.c: 133:     T2CONbits.TMR2ON = 1;
   493  00B7  1512               	bsf	18,2	;volatile
   494  00B8                     l63:	
   495                           ;lab9.c: 135:     while (PIR1bits.TMR2IF == 0);
   496                           
   497  00B8  1C8C               	btfss	12,1	;volatile
   498  00B9  28BB               	goto	u11
   499  00BA  28BC               	goto	u10
   500  00BB                     u11:
   501  00BB  28B8               	goto	l63
   502  00BC                     u10:
   503  00BC                     l65:
   504                           
   505                           ;lab9.c: 136:     PIR1bits.TMR2IF = 0;
   506  00BC  108C               	bcf	12,1	;volatile
   507                           
   508                           ;lab9.c: 138:     TRISCbits.TRISC2 = 0;
   509  00BD  1683               	bsf	3,5	;RP0=1, select bank1
   510  00BE  1303               	bcf	3,6	;RP1=0, select bank1
   511  00BF  1107               	bcf	7,2	;volatile
   512                           
   513                           ;lab9.c: 139:     TRISCbits.TRISC1 = 0;
   514  00C0  1087               	bcf	7,1	;volatile
   515                           
   516                           ;lab9.c: 142:     INTCONbits.GIE = 1;
   517  00C1  178B               	bsf	11,7	;volatile
   518                           
   519                           ;lab9.c: 143:     PIR1bits.ADIF = 0;
   520  00C2  1283               	bcf	3,5	;RP0=0, select bank0
   521  00C3  1303               	bcf	3,6	;RP1=0, select bank0
   522  00C4  130C               	bcf	12,6	;volatile
   523                           
   524                           ;lab9.c: 144:     PIE1bits.ADIE = 1;
   525  00C5  1683               	bsf	3,5	;RP0=1, select bank1
   526  00C6  1303               	bcf	3,6	;RP1=0, select bank1
   527  00C7  170C               	bsf	12,6	;volatile
   528                           
   529                           ;lab9.c: 145:     INTCONbits.PEIE = 1;
   530  00C8  170B               	bsf	11,6	;volatile
   531  00C9                     l66:
   532  00C9  0008               	return
   533  00CA                     __end_of_setup:
   534                           
   535                           	psect	text2
   536  0013                     __ptext2:	
   537 ;; *************** function _isr *****************
   538 ;; Defined at:
   539 ;;		line 52 in file "lab9.c"
   540 ;; Parameters:    Size  Location     Type
   541 ;;		None
   542 ;; Auto vars:     Size  Location     Type
   543 ;;		None
   544 ;; Return value:  Size  Location     Type
   545 ;;                  1    wreg      void 
   546 ;; Registers used:
   547 ;;		wreg, status,2, status,0
   548 ;; Tracked objects:
   549 ;;		On entry : 0/0
   550 ;;		On exit  : 0/0
   551 ;;		Unchanged: 0/0
   552 ;; Data sizes:     COMMON   BANK0   BANK1   BANK3   BANK2
   553 ;;      Params:         0       0       0       0       0
   554 ;;      Locals:         0       0       0       0       0
   555 ;;      Temps:          4       0       0       0       0
   556 ;;      Totals:         4       0       0       0       0
   557 ;;Total ram usage:        4 bytes
   558 ;; Hardware stack levels used:    1
   559 ;; This function calls:
   560 ;;		Nothing
   561 ;; This function is called by:
   562 ;;		Interrupt level 1
   563 ;; This function uses a non-reentrant model
   564 ;;
   565                           
   566                           
   567                           ;psect for function _isr
   568  0013                     _isr:
   569  0013                     i1l714:
   570                           
   571                           ;lab9.c: 54:     if (PIR1bits.ADIF == 1)
   572  0013  1283               	bcf	3,5	;RP0=0, select bank0
   573  0014  1303               	bcf	3,6	;RP1=0, select bank0
   574  0015  1F0C               	btfss	12,6	;volatile
   575  0016  2818               	goto	u2_21
   576  0017  2819               	goto	u2_20
   577  0018                     u2_21:
   578  0018  2878               	goto	i1l52
   579  0019                     u2_20:
   580  0019                     i1l716:
   581                           
   582                           ;lab9.c: 55:     {;lab9.c: 56:         if (ADCON0bits.CHS == 1)
   583  0019  0C1F               	rrf	31,w	;volatile
   584  001A  00F0               	movwf	??_isr
   585  001B  0C70               	rrf	??_isr,w
   586  001C  390F               	andlw	15
   587  001D  3A01               	xorlw	1
   588  001E  1D03               	skipz
   589  001F  2821               	goto	u3_21
   590  0020  2822               	goto	u3_20
   591  0021                     u3_21:
   592  0021  2849               	goto	i1l720
   593  0022                     u3_20:
   594  0022                     i1l718:
   595                           
   596                           ;lab9.c: 57:         {;lab9.c: 58:             ADCON0bits.CHS = 0;
   597  0022  30C3               	movlw	-61
   598  0023  059F               	andwf	31,f	;volatile
   599                           
   600                           ;lab9.c: 59:             CCPR2L = (ADRESH>>1) + 125;
   601  0024  081E               	movf	30,w	;volatile
   602  0025  00F0               	movwf	??_isr
   603  0026  1003               	clrc
   604  0027  0C70               	rrf	??_isr,w
   605  0028  3E7D               	addlw	125
   606  0029  009B               	movwf	27	;volatile
   607                           
   608                           ;lab9.c: 60:             CCP2CONbits.DC2B1 = ADRESH & 0b01;
   609  002A  081E               	movf	30,w	;volatile
   610  002B  3901               	andlw	1
   611  002C  00F0               	movwf	??_isr
   612  002D  0EF0               	swapf	??_isr,f
   613  002E  0DF0               	rlf	??_isr,f
   614  002F  081D               	movf	29,w	;volatile
   615  0030  0670               	xorwf	??_isr,w
   616  0031  39DF               	andlw	-33
   617  0032  0670               	xorwf	??_isr,w
   618  0033  009D               	movwf	29	;volatile
   619                           
   620                           ;lab9.c: 61:             CCP2CONbits.DC2B0 = (ADRESL>>7);
   621  0034  1683               	bsf	3,5	;RP0=1, select bank1
   622  0035  1303               	bcf	3,6	;RP1=0, select bank1
   623  0036  081E               	movf	30,w	;volatile
   624  0037  00F0               	movwf	??_isr
   625  0038  3007               	movlw	7
   626  0039                     u4_25:
   627  0039  1003               	clrc
   628  003A  0CF0               	rrf	??_isr,f
   629  003B  3EFF               	addlw	-1
   630  003C  1D03               	skipz
   631  003D  2839               	goto	u4_25
   632  003E  0870               	movf	??_isr,w
   633  003F  00F1               	movwf	??_isr+1
   634  0040  0EF1               	swapf	??_isr+1,f
   635  0041  1283               	bcf	3,5	;RP0=0, select bank0
   636  0042  1303               	bcf	3,6	;RP1=0, select bank0
   637  0043  081D               	movf	29,w	;volatile
   638  0044  0671               	xorwf	??_isr+1,w
   639  0045  39EF               	andlw	-17
   640  0046  0671               	xorwf	??_isr+1,w
   641  0047  009D               	movwf	29	;volatile
   642                           
   643                           ;lab9.c: 62:         }
   644  0048  2871               	goto	i1l722
   645  0049                     i1l720:
   646                           
   647                           ;lab9.c: 64:             ADCON0bits.CHS = 1;
   648  0049  081F               	movf	31,w	;volatile
   649  004A  39C3               	andlw	-61
   650  004B  3804               	iorlw	4
   651  004C  009F               	movwf	31	;volatile
   652                           
   653                           ;lab9.c: 65:             CCPR1L = (ADRESH>>1) + 125;
   654  004D  081E               	movf	30,w	;volatile
   655  004E  00F0               	movwf	??_isr
   656  004F  1003               	clrc
   657  0050  0C70               	rrf	??_isr,w
   658  0051  3E7D               	addlw	125
   659  0052  0095               	movwf	21	;volatile
   660                           
   661                           ;lab9.c: 66:             CCP1CONbits.DC1B1 = ADRESH & 0b01;
   662  0053  081E               	movf	30,w	;volatile
   663  0054  3901               	andlw	1
   664  0055  00F0               	movwf	??_isr
   665  0056  0EF0               	swapf	??_isr,f
   666  0057  0DF0               	rlf	??_isr,f
   667  0058  0817               	movf	23,w	;volatile
   668  0059  0670               	xorwf	??_isr,w
   669  005A  39DF               	andlw	-33
   670  005B  0670               	xorwf	??_isr,w
   671  005C  0097               	movwf	23	;volatile
   672                           
   673                           ;lab9.c: 67:             CCP1CONbits.DC1B0 = (ADRESL>>7);
   674  005D  1683               	bsf	3,5	;RP0=1, select bank1
   675  005E  1303               	bcf	3,6	;RP1=0, select bank1
   676  005F  081E               	movf	30,w	;volatile
   677  0060  00F0               	movwf	??_isr
   678  0061  3007               	movlw	7
   679  0062                     u5_25:
   680  0062  1003               	clrc
   681  0063  0CF0               	rrf	??_isr,f
   682  0064  3EFF               	addlw	-1
   683  0065  1D03               	skipz
   684  0066  2862               	goto	u5_25
   685  0067  0870               	movf	??_isr,w
   686  0068  00F1               	movwf	??_isr+1
   687  0069  0EF1               	swapf	??_isr+1,f
   688  006A  1283               	bcf	3,5	;RP0=0, select bank0
   689  006B  1303               	bcf	3,6	;RP1=0, select bank0
   690  006C  0817               	movf	23,w	;volatile
   691  006D  0671               	xorwf	??_isr+1,w
   692  006E  39EF               	andlw	-17
   693  006F  0671               	xorwf	??_isr+1,w
   694  0070  0097               	movwf	23	;volatile
   695  0071                     i1l722:
   696                           
   697                           ;lab9.c: 69:         _delay((unsigned long)((50)*(8000000/4000000.0)));
   698  0071  3021               	movlw	33
   699  0072  00F0               	movwf	??_isr
   700  0073                     u6_27:
   701  0073  0BF0               	decfsz	??_isr,f
   702  0074  2873               	goto	u6_27
   703  0075                     i1l724:
   704                           
   705                           ;lab9.c: 70:         PIR1bits.ADIF = 0;
   706  0075  1283               	bcf	3,5	;RP0=0, select bank0
   707  0076  1303               	bcf	3,6	;RP1=0, select bank0
   708  0077  130C               	bcf	12,6	;volatile
   709  0078                     i1l52:
   710  0078  0873               	movf	??_isr+3,w
   711  0079  008A               	movwf	10
   712  007A  0E72               	swapf	??_isr+2,w
   713  007B  0083               	movwf	3
   714  007C  0EFE               	swapf	btemp,f
   715  007D  0E7E               	swapf	btemp,w
   716  007E  0009               	retfie
   717  007F                     __end_of_isr:
   718  007E                     btemp	set	126	;btemp
   719  007E                     wtemp0	set	126
   720                           
   721                           	psect	intentry
   722  0004                     __pintentry:	
   723                           ;incstack = 0
   724                           ; Regs used in _isr: [wreg+status,2+status,0]
   725                           
   726  0004                     interrupt_function:
   727  007E                     saved_w	set	btemp
   728  0004  00FE               	movwf	btemp
   729  0005  0E03               	swapf	3,w
   730  0006  00F2               	movwf	??_isr+2
   731  0007  080A               	movf	10,w
   732  0008  00F3               	movwf	??_isr+3
   733  0009  120A  118A  2813   	ljmp	_isr
   734                           
   735                           	psect	config
   736                           
   737                           ;Config register CONFIG1 @ 0x2007
   738                           ;	Oscillator Selection bits
   739                           ;	FOSC = INTRC_NOCLKOUT, INTOSCIO oscillator: I/O function on RA6/OSC2/CLKOUT pin, I/O f
      +                          unction on RA7/OSC1/CLKIN
   740                           ;	Watchdog Timer Enable bit
   741                           ;	WDTE = OFF, WDT disabled and can be enabled by SWDTEN bit of the WDTCON register
   742                           ;	Power-up Timer Enable bit
   743                           ;	PWRTE = OFF, PWRT disabled
   744                           ;	RE3/MCLR pin function select bit
   745                           ;	MCLRE = OFF, RE3/MCLR pin function is digital input, MCLR internally tied to VDD
   746                           ;	Code Protection bit
   747                           ;	CP = OFF, Program memory code protection is disabled
   748                           ;	Data Code Protection bit
   749                           ;	CPD = OFF, Data memory code protection is disabled
   750                           ;	Brown Out Reset Selection bits
   751                           ;	BOREN = OFF, BOR disabled
   752                           ;	Internal External Switchover bit
   753                           ;	IESO = OFF, Internal/External Switchover mode is disabled
   754                           ;	Fail-Safe Clock Monitor Enabled bit
   755                           ;	FCMEN = ON, Fail-Safe Clock Monitor is enabled
   756                           ;	Low Voltage Programming Enable bit
   757                           ;	LVP = OFF, RB3 pin has digital I/O, HV on MCLR must be used for programming
   758                           ;	In-Circuit Debugger Mode bit
   759                           ;	DEBUG = 0x1, unprogrammed default
   760  2007                     	org	8199
   761  2007  28D4               	dw	10452
   762                           
   763                           ;Config register CONFIG2 @ 0x2008
   764                           ;	Brown-out Reset Selection bit
   765                           ;	BOR4V = BOR40V, Brown-out Reset set to 4.0V
   766                           ;	Flash Program Memory Self Write Enable bits
   767                           ;	WRT = OFF, Write protection off
   768  2008                     	org	8200
   769  2008  3FFF               	dw	16383

Data Sizes:
    Strings     0
    Constant    0
    Data        0
    BSS         0
    Persistent  0
    Stack       0

Auto Spaces:
    Space          Size  Autos    Used
    COMMON           14      4       4
    BANK0            80      0       0
    BANK1            80      0       0
    BANK3            96      0       0
    BANK2            96      0       0

Pointer List with Targets:

    None.

Critical Paths under _main in COMMON

    None.

Critical Paths under _isr in COMMON

    None.

Critical Paths under _main in BANK0

    None.

Critical Paths under _isr in BANK0

    None.

Critical Paths under _main in BANK1

    None.

Critical Paths under _isr in BANK1

    None.

Critical Paths under _main in BANK3

    None.

Critical Paths under _isr in BANK3

    None.

Critical Paths under _main in BANK2

    None.

Critical Paths under _isr in BANK2

    None.

Call Graph Tables:

 ---------------------------------------------------------------------------------
 (Depth) Function   	        Calls       Base Space   Used Autos Params    Refs
 ---------------------------------------------------------------------------------
 (0) _main                                                 0     0      0       0
                              _setup
 ---------------------------------------------------------------------------------
 (1) _setup                                                0     0      0       0
 ---------------------------------------------------------------------------------
 Estimated maximum stack depth 1
 ---------------------------------------------------------------------------------
 (Depth) Function   	        Calls       Base Space   Used Autos Params    Refs
 ---------------------------------------------------------------------------------
 (2) _isr                                                  4     4      0       0
                                              0 COMMON     4     4      0
 ---------------------------------------------------------------------------------
 Estimated maximum stack depth 2
 ---------------------------------------------------------------------------------

 Call Graph Graphs:

 _main (ROOT)
   _setup

 _isr (ROOT)

 Address spaces:
Name               Size   Autos  Total    Cost      Usage
BITCOMMON            E      0       0       0        0.0%
EEDATA             100      0       0       0        0.0%
NULL                 0      0       0       0        0.0%
CODE                 0      0       0       0        0.0%
COMMON               E      4       4       1       28.6%
BITSFR0              0      0       0       1        0.0%
SFR0                 0      0       0       1        0.0%
BITSFR1              0      0       0       2        0.0%
SFR1                 0      0       0       2        0.0%
STACK                0      0       0       2        0.0%
ABS                  0      0       0       3        0.0%
BITBANK0            50      0       0       4        0.0%
BITSFR3              0      0       0       4        0.0%
SFR3                 0      0       0       4        0.0%
BANK0               50      0       0       5        0.0%
BITSFR2              0      0       0       5        0.0%
SFR2                 0      0       0       5        0.0%
BITBANK1            50      0       0       6        0.0%
BANK1               50      0       0       7        0.0%
BITBANK3            60      0       0       8        0.0%
BANK3               60      0       0       9        0.0%
BITBANK2            60      0       0      10        0.0%
BANK2               60      0       0      11        0.0%
DATA                 0      0       0      12        0.0%


Microchip Technology PIC Macro Assembler V2.31 build 20201012212115 
Symbol Table                                                                                   Wed Apr 28 18:30:04 2021

                     l63 00B8                       l65 00BC                       l66 00C9  
                     u10 00BC                       u11 00BB                      l700 00AC  
                    l710 00B5                      l702 00AE                      l712 00B7  
                    l704 00B0                      l706 00B2                      l708 00B4  
                    l660 0083                      l670 0091                      l662 0084  
                    l726 00CA                      l680 0099                      l672 0092  
                    l664 008C                      l728 00CF                      l690 00A0  
                    l682 009C                      l674 0096                      l666 008F  
                    l658 007F                      l692 00A2                      l684 009D  
                    l676 0097                      l668 0090                      l694 00A6  
                    l686 009E                      l678 0098                      l696 00AA  
                    l688 009F                      l698 00AB                      _PR2 0092  
                    _isr 0013                     ?_isr 0070                     i1l52 0078  
                   u2_20 0019                     u2_21 0018                     u3_20 0022  
                   u3_21 0021                     u4_25 0039                     u5_25 0062  
                   u6_27 0073                     _main 00CA                     btemp 007E  
                   start 000C                    ??_isr 0070                    ?_main 0070  
                  _ANSEL 0188                    i1l720 0049                    i1l722 0071  
                  i1l714 0013                    i1l724 0075                    i1l716 0019  
                  i1l718 0022                    _PORTA 0005                    _PORTC 0007  
                  _TRISA 0085                    _setup 007F                    pclath 000A  
                  status 0003                    wtemp0 007E          __initialization 000F  
           __end_of_main 00D6                   ??_main 0074                   _ADRESH 001E  
                 _ADRESL 009E                   _CCPR1L 0015                   _CCPR2L 001B  
                 ?_setup 0070                   _ANSELH 0189                   saved_w 007E  
__end_of__initialization 000F           __pcstackCOMMON 0070            __end_of_setup 00CA  
                ??_setup 0074               __pmaintext 00CA               __pintentry 0004  
                __ptext1 007F                  __ptext2 0013                _T2CONbits 0012  
           __size_of_isr 006C     end_of_initialization 000F                _TRISCbits 0087  
            _CCP1CONbits 0017              _CCP2CONbits 001D      start_initialization 000F  
            __end_of_isr 007F                ___latbits 0002           __size_of_setup 004B  
      interrupt_function 0004                 _PIE1bits 008C                 _PIR1bits 000C  
             _ADCON0bits 001F               _ADCON1bits 009F            __size_of_main 000C  
             _INTCONbits 000B                 intlevel1 0000               _OSCCONbits 008F  
